corelib
util
connect
cgi
html
misc
serial
db
dbapi
objects
objmgr
objtools
ctools
app
build-system
algo
check
sample
gui
internal/test/misc/xmlwrapp
internal/demo/misc/xmlwrapp
internal/third_party/affy
internal/third_party/sybase/os
internal/objects
internal/misc/dbapi_driver_wrap_s
internal/egene
internal/ID/utils$
internal/align_model$
internal/sss
internal/ssssrv
internal/stax
internal/ncbi_ls
internal/ncbils2
internal/msgmail2
internal/geo
internal/pubmedxml/Libs/PubmedServer
internal/pubmedxml/xmldb
internal/pubmedxml/include$ update-only
internal/pubmedxml/jrsrv2$ update-only
internal/idx$
internal/ilink$
internal/ilinkX$ update-only
internal/skycgh$
internal/homologene
internal/idxext update-only
internal/idxext/.*/libs
internal/comm
internal/history$
internal/auxlib/tiol$
internal/portal/backend/HTB$
internal/portal/ncqueryhistory$
internal/a1/u2
internal/a1/idfetch
internal/eutils/edirect
internal/util/testipub
internal/util/pstub
internal/gbench
internal/vftp/fgi
internal/txserver$
internal/myncbi$
internal/signon3$
internal/mapview/objects
internal/mapview/util$ update-only
internal/sra
internal/blast
internal/asn_cache/lib$
internal/asn_cache/app$ update-only
internal/gpipe/align_db
internal/gpipe/common$
internal/gpipe/objects/genomecoll$
internal/gpipe/objects/manifest$
internal/gpipe/gencoll/src/gcaccess$
internal/gpipe/gpinit/src/gpinit_compare$
internal/gpipe/gpexec/queue/lib$
internal/gpipe/action_nodes/src$ update-only
internal/snp
internal/qall update-only
internal/spell update-only
common update-only
-internal/gbench/app/contig
